\BOOKMARK [0][-]{section*.4}{\376\377\144\130\000\040\211\201}{}% 1
\BOOKMARK [0][-]{section*.6}{\376\377\000A\000b\000s\000t\000r\000a\000c\000t}{}% 2
\BOOKMARK [0][-]{section*.8}{\376\377\166\356\000\040\137\125}{}% 3
\BOOKMARK [0][-]{section*.9}{\376\377\143\322\126\376\166\356\137\125}{}% 4
\BOOKMARK [0][-]{section*.10}{\376\377\210\150\150\074\166\356\137\125}{}% 5
\BOOKMARK [0][-]{chapter.1}{\376\377\176\352\213\272}{}% 6
\BOOKMARK [1][-]{section.1.1}{\376\377\225\356\230\230\200\314\146\157}{chapter.1}% 7
\BOOKMARK [2][-]{subsection.1.1.1}{\376\377\163\260\147\011\145\271\154\325}{section.1.1}% 8
\BOOKMARK [2][-]{subsection.1.1.2}{\376\377\122\033\145\260\145\271\154\325}{section.1.1}% 9
\BOOKMARK [1][-]{section.1.2}{\376\377\166\370\121\163\145\207\163\056}{chapter.1}% 10
\BOOKMARK [0][-]{chapter.2}{\376\377\162\266\140\001\172\172\225\364\152\041\127\213}{}% 11
\BOOKMARK [1][-]{section.2.1}{\376\377\162\266\140\001\172\172\225\364\152\041\127\213}{chapter.2}% 12
\BOOKMARK [2][-]{subsection.2.1.1}{\376\377\165\050\116\216\147\000\117\030\217\307\156\344\166\204\215\035\123\366\145\257\143\250\145\255}{section.2.1}% 13
\BOOKMARK [2][-]{subsection.2.1.2}{\376\377\121\163\225\056\217\271\226\105\122\006\136\003}{section.2.1}% 14
\BOOKMARK [1][-]{section.2.2}{\376\377\176\277\140\047\232\330\145\257\162\266\140\001\172\172\225\364\152\041\127\213}{chapter.2}% 15
\BOOKMARK [2][-]{subsection.2.2.1}{\376\377\123\141\134\024\146\374\156\344\154\342\126\150}{section.2.2}% 16
\BOOKMARK [2][-]{subsection.2.2.2}{\376\377\123\141\134\024\146\374\136\163\156\321\126\150}{section.2.2}% 17
\BOOKMARK [1][-]{section.2.3}{\376\377\162\266\140\001\172\172\225\364\152\041\127\213\116\055\166\204\123\302\145\160\117\060\213\241}{chapter.2}% 18
\BOOKMARK [2][-]{subsection.2.3.1}{\376\377\121\167\147\011\177\072\131\061\123\302\145\160\166\204\176\277\140\047\232\330\145\257\162\266\140\001\172\172\225\364\152\041\127\213}{section.2.3}% 19
\BOOKMARK [2][-]{subsection.2.3.2}{\376\377\150\257\136\246\116\013\226\115\173\227\154\325}{section.2.3}% 20
\BOOKMARK [2][-]{subsection.2.3.3}{\376\377\000E\000M\000\040\173\227\154\325}{section.2.3}% 21
\BOOKMARK [0][-]{chapter.3}{\376\377\000G\000r\000a\000p\000h\000E\000M\000\040\173\227\154\325}{}% 22
\BOOKMARK [1][-]{section.3.1}{\376\377\137\025\212\000}{chapter.3}% 23
\BOOKMARK [1][-]{section.3.2}{\376\377\000E\000\040\153\145\232\244\116\055\166\204\213\241\173\227}{chapter.3}% 24
\BOOKMARK [1][-]{section.3.3}{\376\377\000M\000\040\153\145\232\244\116\055\166\204\117\030\123\026}{chapter.3}% 25
\BOOKMARK [2][-]{subsection.3.3.1}{\376\377\217\321\172\357\173\227\133\120}{section.3.3}% 26
\BOOKMARK [2][-]{subsection.3.3.2}{\376\377\000D\000o\000u\000g\000l\000a\000s\000-\000R\000a\000c\000h\000f\000o\000r\000d\000\040\217\355\116\343\154\325}{section.3.3}% 27
\BOOKMARK [1][-]{section.3.4}{\376\377\121\110\232\214\153\143\122\031\123\026}{chapter.3}% 28
\BOOKMARK [2][-]{subsection.3.4.1}{\376\377\172\063\133\232\140\047\176\246\147\137}{section.3.4}% 29
\BOOKMARK [2][-]{subsection.3.4.2}{\376\377\153\143\122\031\230\171}{section.3.4}% 30
\BOOKMARK [0][-]{chapter.4}{\376\377\145\160\120\074\133\236\232\214}{}% 31
\BOOKMARK [1][-]{section.4.1}{\376\377\154\175\217\146\166\204\122\250\140\001\152\041\127\213}{chapter.4}% 32
\BOOKMARK [1][-]{section.4.2}{\376\377\116\015\124\014\126\376\176\323\147\204\116\013\166\204\153\143\122\031\123\026\122\006\147\220}{chapter.4}% 33
\BOOKMARK [0][-]{chapter*.32}{\376\377\176\323\213\272}{}% 34
\BOOKMARK [0][-]{chapter*.33}{\376\377\123\302\200\003\145\207\163\056}{}% 35
\BOOKMARK [0][-]{chapter*.34}{\376\377\201\364\214\042}{}% 36
\BOOKMARK [0][-]{appendix.A}{\376\377\121\166\116\326\126\376\174\173\127\213}{}% 37
